1526366852001:help
1526366856280:add 1 2
1526366859489:1+2
1526366862809:add 1 2
1526366865697:add 3 4
1526366870513:exit
1526366883259:1+2
1526366886193:help
1526366956233:exit
1526366965938:help
1526367130062:exit
1526367340939:help
1526367416106:exit
1526367508786:help
1526368368215:exit
1526369000196:encrypt geheim C:/Users/FilzM/Desktop/a-0800.pdf
1526369037906:exut
1526369040113:exit
1526369051646:encrypt geheim C:/Users/FilzM/Desktop/a-0800.pdf
1526369706273:exit
1526369776120:decrypt geheim C:/Users/FilzM/Desktop/a-0800_enc.pdf
1526370086340:exit
1526370098528:help
1526370491682:exit
1526370535802:decrypt geheim C:/Users/FilzM/Desktop/a-0800_enc.pdf
1526370549869:decrypt C:/Users/FilzM/Desktop/a-0800_enc.pdf geheim
1526370744892:help
1526370750180:history
1526370753524:help
1526370763211:clear
1526370879164:exit
1526370951770:clear
1526370954522:help
1526370960685:property user.home
1526370966385:property user.home1
1526370971690:property temp
1526370977890:property system.home
1526370985120:property user.temp
1526371171354:exit
1526371186127:clean
1526371385122:exit
1526371400950:clear
1526371402934:clean
